Traceback (most recent call last):
  File "C:\Users\Janareis\AppData\Local\Programs\Python\Python310\lib\site-packages\jupyter_cache\executors\utils.py", line 58, in single_nb_execution
    executenb(
  File "C:\Users\Janareis\AppData\Local\Programs\Python\Python310\lib\site-packages\nbclient\client.py", line 1305, in execute
    return NotebookClient(nb=nb, resources=resources, km=km, **kwargs).execute()
  File "C:\Users\Janareis\AppData\Local\Programs\Python\Python310\lib\site-packages\jupyter_core\utils\__init__.py", line 173, in wrapped
    return loop.run_until_complete(inner)
  File "C:\Users\Janareis\AppData\Local\Programs\Python\Python310\lib\asyncio\base_events.py", line 649, in run_until_complete
    return future.result()
  File "C:\Users\Janareis\AppData\Local\Programs\Python\Python310\lib\site-packages\nbclient\client.py", line 705, in async_execute
    await self.async_execute_cell(
  File "C:\Users\Janareis\AppData\Local\Programs\Python\Python310\lib\site-packages\nbclient\client.py", line 1058, in async_execute_cell
    await self._check_raise_for_error(cell, cell_index, exec_reply)
  File "C:\Users\Janareis\AppData\Local\Programs\Python\Python310\lib\site-packages\nbclient\client.py", line 914, in _check_raise_for_error
    raise CellExecutionError.from_cell_and_msg(cell, exec_reply_content)
nbclient.exceptions.CellExecutionError: An error occurred while executing the following cell:
------------------
import ipywidgets as widgets
from IPython.display import display, clear_output

question_data = {
    "question": "What does the 'dilation' technique involve in the context of convolutions?",
    "type": "multiple_choice",
    "answers": [
        {
            "answer": "The size of the convolution filter.",
            "correct": False,
            "feedback": "False."
        },
        {
            "answer": "A technique to enhance contrast in images.",
            "correct": False,
            "feedback": "False."
        },
        {
            "answer": "Increasing the gap between values within the convolution kernel",
            "correct": True,
            "feedback": "Correct."
        },
        {
            "answer": "Applying the activation function to the output of the convolutional layer.",
            "correct": False,
            "feedback": "False."
        }
    ]
}


display(question_text, *answers)

------------------


[1;31m---------------------------------------------------------------------------[0m
[1;31mNameError[0m                                 Traceback (most recent call last)
Cell [1;32mIn[15], line 32[0m
[0;32m      2[0m [38;5;28;01mfrom[39;00m [38;5;21;01mIPython[39;00m[38;5;21;01m.[39;00m[38;5;21;01mdisplay[39;00m [38;5;28;01mimport[39;00m display, clear_output
[0;32m      4[0m question_data [38;5;241m=[39m {
[0;32m      5[0m     [38;5;124m"[39m[38;5;124mquestion[39m[38;5;124m"[39m: [38;5;124m"[39m[38;5;124mWhat does the [39m[38;5;124m'[39m[38;5;124mdilation[39m[38;5;124m'[39m[38;5;124m technique involve in the context of convolutions?[39m[38;5;124m"[39m,
[0;32m      6[0m     [38;5;124m"[39m[38;5;124mtype[39m[38;5;124m"[39m: [38;5;124m"[39m[38;5;124mmultiple_choice[39m[38;5;124m"[39m,
[1;32m   (...)[0m
[0;32m     28[0m     ]
[0;32m     29[0m }
[1;32m---> 32[0m display([43mquestion_text[49m, [38;5;241m*[39manswers)

[1;31mNameError[0m: name 'question_text' is not defined

